2024-04-07 14:17:03 Loading main app package /tmp/.mount_obsidiVUQ4fr/resources/obsidian.asar
2024-04-07 14:17:04 Checking for update using Github
2024-04-07 14:17:04 Success.
2024-04-07 14:17:04 Latest version is 1.5.12
2024-04-07 14:17:04 App is up to date.
2024-04-07 14:36:09 Loading main app package /tmp/.mount_obsidiFO2AtU/resources/obsidian.asar
2024-04-07 14:36:09 Checking for update using Github
2024-04-07 14:36:09 Success.
2024-04-07 14:36:09 Latest version is 1.5.12
2024-04-07 14:36:09 App is up to date.
2024-04-07 14:39:09 Loading main app package /tmp/.mount_obsidifRDY4t/resources/obsidian.asar
2024-04-07 14:39:09 Checking for update using Github
2024-04-07 14:41:23 Loading main app package /tmp/.mount_obsidiZNgGek/resources/obsidian.asar
2024-04-07 14:41:24 Checking for update using Github
2024-04-07 14:41:29 Success.
2024-04-07 14:41:29 Latest version is 1.5.12
2024-04-07 14:41:29 App is up to date.
2024-04-07 17:27:02 Loading main app package /tmp/.mount_obsidijOEx0o/resources/obsidian.asar
2024-04-07 17:27:02 Checking for update using Github
2024-04-07 17:27:02 Success.
2024-04-07 17:27:02 Latest version is 1.5.12
2024-04-07 17:27:02 App is up to date.
